<?xml version="1.0" encoding="UTF-8"?>
<!-- Generated by org.testng.reporters.JUnitReportReporter -->
<testsuite hostname="DESKTOP-3QHL9FN" failures="0" tests="7" name="testcases.LoginTest" time="47.292" errors="0" timestamp="2024-11-15T22:02:42 IST" skipped="0">
  <testcase classname="testcases.LoginTest" name="LoginTestValid" time="9.967"/>
  <system-out/>
  <testcase classname="testcases.LoginTest" name="neglogin" time="6.169"/>
  <system-out/>
  <testcase classname="testcases.LoginTest" name="neglogin1" time="5.389"/>
  <system-out/>
  <testcase classname="testcases.LoginTest" name="neglogin2" time="7.295"/>
  <system-out/>
  <testcase classname="testcases.LoginTest" name="neglogin3" time="4.990"/>
  <system-out/>
  <testcase classname="testcases.LoginTest" name="neglogin4" time="5.433"/>
  <system-out/>
  <testcase classname="testcases.LoginTest" name="verifyelements" time="8.049"/>
  <system-out/>
</testsuite> <!-- testcases.LoginTest -->
