<?xml version="1.0" encoding="UTF-8"?>
<!-- Generated by org.testng.reporters.JUnitReportReporter -->
<testsuite hostname="DESKTOP-3QHL9FN" failures="0" tests="1" name="testcases.VisitLogsTest1" time="41.946" errors="0" timestamp="2024-11-25T11:25:07 IST" skipped="0">
  <testcase classname="testcases.VisitLogsTest1" name="setinstitutionsubmit" time="41.946"/>
  <system-out/>
</testsuite> <!-- testcases.VisitLogsTest1 -->
