<?xml version="1.0" encoding="UTF-8"?>
<!-- Generated by org.testng.reporters.JUnitReportReporter -->
<testsuite hostname="DESKTOP-3QHL9FN" failures="0" tests="1" name="testcases.VisitLogsTest2" time="20.334" errors="0" timestamp="2024-11-25T11:48:04 IST" skipped="0">
  <testcase classname="testcases.VisitLogsTest2" name="setinstitutionsubmit" time="20.334"/>
  <system-out/>
</testsuite> <!-- testcases.VisitLogsTest2 -->
