<?xml version="1.0" encoding="UTF-8"?>
<!-- Generated by org.testng.reporters.JUnitReportReporter -->
<testsuite hostname="LAPTOP-1QS43OK7" failures="0" tests="1" name="testcases.LoginTest" time="9.055" errors="0" timestamp="2024-11-14T18:52:25 IST" skipped="0">
  <testcase classname="testcases.LoginTest" name="LoginTestValid" time="9.055"/>
  <system-out/>
</testsuite> <!-- testcases.LoginTest -->
