<?xml version="1.0" encoding="UTF-8"?>
<!-- Generated by org.testng.reporters.JUnitReportReporter -->
<testsuite hostname="DESKTOP-3QHL9FN" failures="0" tests="1" name="testcases.VisitLogsTest" time="24.546" errors="0" timestamp="2024-11-22T22:25:38 IST" skipped="0">
  <testcase classname="testcases.VisitLogsTest" name="setinstitutionsubmit" time="24.546"/>
  <system-out/>
</testsuite> <!-- testcases.VisitLogsTest -->
