<?xml version="1.0" encoding="UTF-8"?>
<!-- Generated by org.testng.reporters.JUnitReportReporter -->
<testsuite hostname="LAPTOP-1QS43OK7" failures="0" tests="1" name="testcases.DashboardTest" time="8.723" errors="0" timestamp="2024-11-14T19:00:57 IST" skipped="0">
  <testcase classname="testcases.DashboardTest" name="addcontactperson" time="8.723"/>
  <system-out/>
</testsuite> <!-- testcases.DashboardTest -->
